[debug] [2021-05-06T20:42:37.766Z] ----------------------------------------------------------------------
[debug] [2021-05-06T20:42:37.768Z] Command:       C:\Program Files\nodejs\node.exe C:\Users\Nahuel\AppData\Roaming\npm\node_modules\firebase-tools\lib\bin\firebase.js emulators:start
[debug] [2021-05-06T20:42:37.768Z] CLI Version:   9.10.0
[debug] [2021-05-06T20:42:37.768Z] Platform:      win32
[debug] [2021-05-06T20:42:37.768Z] Node Version:  v12.18.3
[debug] [2021-05-06T20:42:37.769Z] Time:          Thu May 06 2021 17:42:37 GMT-0300 (Argentina Standard Time)
[debug] [2021-05-06T20:42:37.769Z] ----------------------------------------------------------------------
[debug] 
[debug] [2021-05-06T20:42:37.775Z] > command requires scopes: ["email","openid","https://www.googleapis.com/auth/cloudplatformprojects.readonly","https://www.googleapis.com/auth/firebase","https://www.googleapis.com/auth/cloud-platform"]
[debug] [2021-05-06T20:42:37.775Z] > authorizing via signed-in user (nahuelmedinasenn@gmail.com)
[info] i  emulators: Starting emulators: auth, functions, firestore, database, hosting, pubsub {"metadata":{"emulator":{"name":"hub"},"message":"Starting emulators: auth, functions, firestore, database, hosting, pubsub"}}
[debug] [2021-05-06T20:42:39.851Z] [hub] writing locator at C:\Users\Nahuel\AppData\Local\Temp\hub-beef-app-11fbe.json
[info] +  functions: Using node@12 from host. {"metadata":{"emulator":{"name":"functions"},"message":"Using node@12 from host."}}
[debug] [2021-05-06T20:42:41.930Z] defaultcredentials: writing to file C:\Users\Nahuel\AppData\Roaming\firebase\nahuelmedinasenn_gmail_com_application_default_credentials.json
[debug] [2021-05-06T20:42:41.931Z] Setting GAC to C:\Users\Nahuel\AppData\Roaming\firebase\nahuelmedinasenn_gmail_com_application_default_credentials.json {"metadata":{"emulator":{"name":"functions"},"message":"Setting GAC to C:\\Users\\Nahuel\\AppData\\Roaming\\firebase\\nahuelmedinasenn_gmail_com_application_default_credentials.json"}}
[debug] [2021-05-06T20:42:41.933Z] >>> [apiv2][query] GET https://firebase.googleapis.com/v1beta1/projects/beef-app-11fbe/adminSdkConfig [none]
[debug] [2021-05-06T20:42:42.356Z] <<< [apiv2][status] GET https://firebase.googleapis.com/v1beta1/projects/beef-app-11fbe/adminSdkConfig 200
[debug] [2021-05-06T20:42:42.356Z] <<< [apiv2][body] GET https://firebase.googleapis.com/v1beta1/projects/beef-app-11fbe/adminSdkConfig {"projectId":"beef-app-11fbe","databaseURL":"https://beef-app-11fbe.firebaseio.com","storageBucket":"beef-app-11fbe.appspot.com","locationId":"us-central"}
[debug] [2021-05-06T20:42:44.430Z] Ignoring unsupported arg: projectId {"metadata":{"emulator":{"name":"firestore"},"message":"Ignoring unsupported arg: projectId"}}
[debug] [2021-05-06T20:42:44.430Z] Ignoring unsupported arg: auto_download {"metadata":{"emulator":{"name":"firestore"},"message":"Ignoring unsupported arg: auto_download"}}
[debug] [2021-05-06T20:42:44.430Z] Starting Firestore Emulator with command {"binary":"java","args":["-Dgoogle.cloud_firestore.debug_log_level=FINE","-Duser.language=en","-jar","C:\\Users\\Nahuel\\.cache\\firebase\\emulators\\cloud-firestore-emulator-v1.11.14.jar","--host","localhost","--port",8080,"--rules","C:\\Users\\Nahuel\\Documents\\React Projects\\firestore.rules","--functions_emulator","localhost:5001"],"optionalArgs":["port","webchannel_port","host","rules","functions_emulator","seed_from_export"],"joinArgs":false} {"metadata":{"emulator":{"name":"firestore"},"message":"Starting Firestore Emulator with command {\"binary\":\"java\",\"args\":[\"-Dgoogle.cloud_firestore.debug_log_level=FINE\",\"-Duser.language=en\",\"-jar\",\"C:\\\\Users\\\\Nahuel\\\\.cache\\\\firebase\\\\emulators\\\\cloud-firestore-emulator-v1.11.14.jar\",\"--host\",\"localhost\",\"--port\",8080,\"--rules\",\"C:\\\\Users\\\\Nahuel\\\\Documents\\\\React Projects\\\\firestore.rules\",\"--functions_emulator\",\"localhost:5001\"],\"optionalArgs\":[\"port\",\"webchannel_port\",\"host\",\"rules\",\"functions_emulator\",\"seed_from_export\"],\"joinArgs\":false}"}}
[info] i  firestore: Firestore Emulator logging to firestore-debug.log {"metadata":{"emulator":{"name":"firestore"},"message":"Firestore Emulator logging to \u001b[1mfirestore-debug.log\u001b[22m"}}
[debug] [2021-05-06T20:42:48.012Z] >>> [apiv2][query] GET https://firebase.googleapis.com/v1beta1/projects/beef-app-11fbe [none]
[debug] [2021-05-06T20:42:48.983Z] <<< [apiv2][status] GET https://firebase.googleapis.com/v1beta1/projects/beef-app-11fbe 200
[debug] [2021-05-06T20:42:48.983Z] <<< [apiv2][body] GET https://firebase.googleapis.com/v1beta1/projects/beef-app-11fbe {"projectId":"beef-app-11fbe","projectNumber":"579756680200","displayName":"Beef App","name":"projects/beef-app-11fbe","resources":{"hostingSite":"beef-app-11fbe","realtimeDatabaseInstance":"beef-app-11fbe","storageBucket":"beef-app-11fbe.appspot.com","locationId":"us-central"},"state":"ACTIVE"}
[debug] [2021-05-06T20:42:48.983Z] database rules config:  [{"instance":"beef-app-11fbe","rules":"C:\\Users\\Nahuel\\Documents\\React Projects\\database.rules.json"}]
[debug] [2021-05-06T20:42:48.985Z] Ignoring unsupported arg: projectId {"metadata":{"emulator":{"name":"database"},"message":"Ignoring unsupported arg: projectId"}}
[debug] [2021-05-06T20:42:48.985Z] Ignoring unsupported arg: auto_download {"metadata":{"emulator":{"name":"database"},"message":"Ignoring unsupported arg: auto_download"}}
[debug] [2021-05-06T20:42:48.985Z] Ignoring unsupported arg: rules {"metadata":{"emulator":{"name":"database"},"message":"Ignoring unsupported arg: rules"}}
[debug] [2021-05-06T20:42:48.985Z] Starting Database Emulator with command {"binary":"java","args":["-Duser.language=en","-jar","C:\\Users\\Nahuel\\.cache\\firebase\\emulators\\firebase-database-emulator-v4.7.2.jar","--host","localhost","--port",9000,"--functions_emulator_host","localhost","--functions_emulator_port",5001],"optionalArgs":["port","host","functions_emulator_port","functions_emulator_host"],"joinArgs":false} {"metadata":{"emulator":{"name":"database"},"message":"Starting Database Emulator with command {\"binary\":\"java\",\"args\":[\"-Duser.language=en\",\"-jar\",\"C:\\\\Users\\\\Nahuel\\\\.cache\\\\firebase\\\\emulators\\\\firebase-database-emulator-v4.7.2.jar\",\"--host\",\"localhost\",\"--port\",9000,\"--functions_emulator_host\",\"localhost\",\"--functions_emulator_port\",5001],\"optionalArgs\":[\"port\",\"host\",\"functions_emulator_port\",\"functions_emulator_host\"],\"joinArgs\":false}"}}
[info] i  database: Database Emulator logging to database-debug.log {"metadata":{"emulator":{"name":"database"},"message":"Database Emulator logging to \u001b[1mdatabase-debug.log\u001b[22m"}}
[debug] [2021-05-06T20:42:58.040Z] Ignoring unsupported arg: projectId {"metadata":{"emulator":{"name":"pubsub"},"message":"Ignoring unsupported arg: projectId"}}
[debug] [2021-05-06T20:42:58.040Z] Ignoring unsupported arg: auto_download {"metadata":{"emulator":{"name":"pubsub"},"message":"Ignoring unsupported arg: auto_download"}}
[debug] [2021-05-06T20:42:58.040Z] Starting Pub/Sub Emulator with command {"binary":"C:\\Users\\Nahuel\\.cache\\firebase\\emulators\\pubsub-emulator-0.1.0\\pubsub-emulator\\bin\\cloud-pubsub-emulator.bat","args":["--host=localhost","--port=8085"],"optionalArgs":["port","host"],"joinArgs":true} {"metadata":{"emulator":{"name":"pubsub"},"message":"Starting Pub/Sub Emulator with command {\"binary\":\"C:\\\\Users\\\\Nahuel\\\\.cache\\\\firebase\\\\emulators\\\\pubsub-emulator-0.1.0\\\\pubsub-emulator\\\\bin\\\\cloud-pubsub-emulator.bat\",\"args\":[\"--host=localhost\",\"--port=8085\"],\"optionalArgs\":[\"port\",\"host\"],\"joinArgs\":true}"}}
[info] i  pubsub: Pub/Sub Emulator logging to pubsub-debug.log {"metadata":{"emulator":{"name":"pubsub"},"message":"Pub/Sub Emulator logging to \u001b[1mpubsub-debug.log\u001b[22m"}}
[debug] [2021-05-06T20:43:01.646Z] >>> [apiv2][query] GET https://firebase.googleapis.com/v1beta1/projects/beef-app-11fbe/webApps/-/config [none]
[debug] [2021-05-06T20:43:02.837Z] <<< [apiv2][status] GET https://firebase.googleapis.com/v1beta1/projects/beef-app-11fbe/webApps/-/config 200
[debug] [2021-05-06T20:43:02.837Z] <<< [apiv2][body] GET https://firebase.googleapis.com/v1beta1/projects/beef-app-11fbe/webApps/-/config {"projectId":"beef-app-11fbe","appId":"1:579756680200:web:29a9bccf10fc2f206c9dbd","databaseURL":"https://beef-app-11fbe.firebaseio.com","storageBucket":"beef-app-11fbe.appspot.com","locationId":"us-central","apiKey":"AIzaSyB1m4y5cAySMoGGiFQqmQkFEpUvculhLSk","authDomain":"beef-app-11fbe.firebaseapp.com","messagingSenderId":"579756680200","measurementId":"G-WG4FH7HB85"}
[info] i  hosting: Serving hosting files from: public {"metadata":{"emulator":{"name":"hosting"},"message":"Serving hosting files from: \u001b[1mpublic\u001b[22m"}}
[info] +  hosting: Local server: http://localhost:5000 {"metadata":{"emulator":{"name":"hosting"},"message":"Local server: \u001b[4m\u001b[1mhttp://localhost:5000\u001b[22m\u001b[24m"}}
[debug] [2021-05-06T20:43:06.923Z] Ignoring unsupported arg: auto_download {"metadata":{"emulator":{"name":"ui"},"message":"Ignoring unsupported arg: auto_download"}}
[debug] [2021-05-06T20:43:06.924Z] Ignoring unsupported arg: port {"metadata":{"emulator":{"name":"ui"},"message":"Ignoring unsupported arg: port"}}
[debug] [2021-05-06T20:43:06.924Z] Starting Emulator UI with command {"binary":"node","args":["C:\\Users\\Nahuel\\.cache\\firebase\\emulators\\ui-v1.4.2\\server.bundle.js"],"optionalArgs":[],"joinArgs":false} {"metadata":{"emulator":{"name":"ui"},"message":"Starting Emulator UI with command {\"binary\":\"node\",\"args\":[\"C:\\\\Users\\\\Nahuel\\\\.cache\\\\firebase\\\\emulators\\\\ui-v1.4.2\\\\server.bundle.js\"],\"optionalArgs\":[],\"joinArgs\":false}"}}
[info] i  ui: Emulator UI logging to ui-debug.log {"metadata":{"emulator":{"name":"ui"},"message":"Emulator UI logging to \u001b[1mui-debug.log\u001b[22m"}}
[debug] [2021-05-06T20:43:07.072Z] Web / API server started at http://localhost:4000
 {"metadata":{"emulator":{"name":"ui"},"message":"Web / API server started at http://localhost:4000\n"}}
[info] i  functions: Watching "C:\Users\Nahuel\Documents\React Projects\functions" for Cloud Functions... {"metadata":{"emulator":{"name":"functions"},"message":"Watching \"C:\\Users\\Nahuel\\Documents\\React Projects\\functions\" for Cloud Functions..."}}
[debug] [2021-05-06T20:43:07.451Z] [worker-pool] addWorker(~diagnostic~) {"metadata":{"emulator":{"name":"functions"},"message":"[worker-pool] addWorker(~diagnostic~)"}}
[debug] [2021-05-06T20:43:07.452Z] [worker-pool] Adding worker with key ~diagnostic~, total=1 {"metadata":{"emulator":{"name":"functions"},"message":"[worker-pool] Adding worker with key ~diagnostic~, total=1"}}
[debug] [2021-05-06T20:43:07.452Z] [worker-pool] submitWork(triggerId=) {"metadata":{"emulator":{"name":"functions"},"message":"[worker-pool] submitWork(triggerId=)"}}
[debug] [2021-05-06T20:43:07.454Z] [worker-~diagnostic~-162bf3da-ef37-425c-a54a-46cbaf75441c]: Assigning socketPath: \\?\pipe\C:\Users\Nahuel\Documents\React Projects\functions\11076 {"metadata":{"emulator":{"name":"functions"},"message":"[worker-~diagnostic~-162bf3da-ef37-425c-a54a-46cbaf75441c]: Assigning socketPath: \\\\?\\pipe\\C:\\Users\\Nahuel\\Documents\\React Projects\\functions\\11076"}}
[debug] [2021-05-06T20:43:07.455Z] [worker-~diagnostic~-162bf3da-ef37-425c-a54a-46cbaf75441c]: BUSY {"metadata":{"emulator":{"name":"functions"},"message":"[worker-~diagnostic~-162bf3da-ef37-425c-a54a-46cbaf75441c]: BUSY"}}
[debug] [2021-05-06T20:43:07.725Z] [runtime-status] [11076] Functions runtime initialized. {"cwd":"C:\\Users\\Nahuel\\Documents\\React Projects\\functions","node_version":"12.18.3"} {"metadata":{"emulator":{"name":"functions"},"message":"[runtime-status] [11076] Functions runtime initialized. {\"cwd\":\"C:\\\\Users\\\\Nahuel\\\\Documents\\\\React Projects\\\\functions\",\"node_version\":\"12.18.3\"}"}}
[debug] [2021-05-06T20:43:07.725Z] [runtime-status] [11076] Disabled runtime features: undefined {"metadata":{"emulator":{"name":"functions"},"message":"[runtime-status] [11076] Disabled runtime features: undefined"}}
[debug] [2021-05-06T20:43:07.727Z] [runtime-status] [11076] Resolved module firebase-admin {"declared":true,"installed":true,"version":"9.7.0","resolution":"C:\\Users\\Nahuel\\Documents\\React Projects\\functions\\node_modules\\firebase-admin\\lib\\index.js"} {"metadata":{"emulator":{"name":"functions"},"message":"[runtime-status] [11076] Resolved module firebase-admin {\"declared\":true,\"installed\":true,\"version\":\"9.7.0\",\"resolution\":\"C:\\\\Users\\\\Nahuel\\\\Documents\\\\React Projects\\\\functions\\\\node_modules\\\\firebase-admin\\\\lib\\\\index.js\"}"}}
[debug] [2021-05-06T20:43:07.728Z] [runtime-status] [11076] Resolved module firebase-functions {"declared":true,"installed":true,"version":"3.13.2","resolution":"C:\\Users\\Nahuel\\Documents\\React Projects\\functions\\node_modules\\firebase-functions\\lib\\index.js"} {"metadata":{"emulator":{"name":"functions"},"message":"[runtime-status] [11076] Resolved module firebase-functions {\"declared\":true,\"installed\":true,\"version\":\"3.13.2\",\"resolution\":\"C:\\\\Users\\\\Nahuel\\\\Documents\\\\React Projects\\\\functions\\\\node_modules\\\\firebase-functions\\\\lib\\\\index.js\"}"}}
[debug] [2021-05-06T20:43:07.729Z] [runtime-status] [11076] Resolved module firebase-functions {"declared":true,"installed":true,"version":"3.13.2","resolution":"C:\\Users\\Nahuel\\Documents\\React Projects\\functions\\node_modules\\firebase-functions\\lib\\index.js"} {"metadata":{"emulator":{"name":"functions"},"message":"[runtime-status] [11076] Resolved module firebase-functions {\"declared\":true,\"installed\":true,\"version\":\"3.13.2\",\"resolution\":\"C:\\\\Users\\\\Nahuel\\\\Documents\\\\React Projects\\\\functions\\\\node_modules\\\\firebase-functions\\\\lib\\\\index.js\"}"}}
[debug] [2021-05-06T20:43:07.729Z] [runtime-status] [11076] Set PUBSUB_EMULATOR_HOST to localhost:8085 {"metadata":{"emulator":{"name":"functions"},"message":"[runtime-status] [11076] Set PUBSUB_EMULATOR_HOST to localhost:8085"}}
[debug] [2021-05-06T20:43:07.730Z] [runtime-status] [11076] Outgoing network have been stubbed. [{"name":"http","status":"mocked"},{"name":"http","status":"mocked"},{"name":"https","status":"mocked"},{"name":"https","status":"mocked"},{"name":"net","status":"mocked"}] {"metadata":{"emulator":{"name":"functions"},"message":"[runtime-status] [11076] Outgoing network have been stubbed. [{\"name\":\"http\",\"status\":\"mocked\"},{\"name\":\"http\",\"status\":\"mocked\"},{\"name\":\"https\",\"status\":\"mocked\"},{\"name\":\"https\",\"status\":\"mocked\"},{\"name\":\"net\",\"status\":\"mocked\"}]"}}
[debug] [2021-05-06T20:43:07.731Z] [runtime-status] [11076] Resolved module firebase-functions {"declared":true,"installed":true,"version":"3.13.2","resolution":"C:\\Users\\Nahuel\\Documents\\React Projects\\functions\\node_modules\\firebase-functions\\lib\\index.js"} {"metadata":{"emulator":{"name":"functions"},"message":"[runtime-status] [11076] Resolved module firebase-functions {\"declared\":true,\"installed\":true,\"version\":\"3.13.2\",\"resolution\":\"C:\\\\Users\\\\Nahuel\\\\Documents\\\\React Projects\\\\functions\\\\node_modules\\\\firebase-functions\\\\lib\\\\index.js\"}"}}
[debug] [2021-05-06T20:43:07.790Z] [runtime-status] [11076] Checked functions.config() {"config":{}} {"metadata":{"emulator":{"name":"functions"},"message":"[runtime-status] [11076] Checked functions.config() {\"config\":{}}"}}
[debug] [2021-05-06T20:43:07.791Z] [runtime-status] [11076] firebase-functions has been stubbed. {"functionsResolution":{"declared":true,"installed":true,"version":"3.13.2","resolution":"C:\\Users\\Nahuel\\Documents\\React Projects\\functions\\node_modules\\firebase-functions\\lib\\index.js"}} {"metadata":{"emulator":{"name":"functions"},"message":"[runtime-status] [11076] firebase-functions has been stubbed. {\"functionsResolution\":{\"declared\":true,\"installed\":true,\"version\":\"3.13.2\",\"resolution\":\"C:\\\\Users\\\\Nahuel\\\\Documents\\\\React Projects\\\\functions\\\\node_modules\\\\firebase-functions\\\\lib\\\\index.js\"}}"}}
[debug] [2021-05-06T20:43:07.794Z] [runtime-status] [11076] Resolved module firebase-functions {"declared":true,"installed":true,"version":"3.13.2","resolution":"C:\\Users\\Nahuel\\Documents\\React Projects\\functions\\node_modules\\firebase-functions\\lib\\index.js"} {"metadata":{"emulator":{"name":"functions"},"message":"[runtime-status] [11076] Resolved module firebase-functions {\"declared\":true,\"installed\":true,\"version\":\"3.13.2\",\"resolution\":\"C:\\\\Users\\\\Nahuel\\\\Documents\\\\React Projects\\\\functions\\\\node_modules\\\\firebase-functions\\\\lib\\\\index.js\"}"}}
[debug] [2021-05-06T20:43:07.804Z] [runtime-status] [11076] Resolved module firebase-admin {"declared":true,"installed":true,"version":"9.7.0","resolution":"C:\\Users\\Nahuel\\Documents\\React Projects\\functions\\node_modules\\firebase-admin\\lib\\index.js"} {"metadata":{"emulator":{"name":"functions"},"message":"[runtime-status] [11076] Resolved module firebase-admin {\"declared\":true,\"installed\":true,\"version\":\"9.7.0\",\"resolution\":\"C:\\\\Users\\\\Nahuel\\\\Documents\\\\React Projects\\\\functions\\\\node_modules\\\\firebase-admin\\\\lib\\\\index.js\"}"}}
[debug] [2021-05-06T20:43:07.806Z] [runtime-status] [11076] Resolved module firebase-functions {"declared":true,"installed":true,"version":"3.13.2","resolution":"C:\\Users\\Nahuel\\Documents\\React Projects\\functions\\node_modules\\firebase-functions\\lib\\index.js"} {"metadata":{"emulator":{"name":"functions"},"message":"[runtime-status] [11076] Resolved module firebase-functions {\"declared\":true,\"installed\":true,\"version\":\"3.13.2\",\"resolution\":\"C:\\\\Users\\\\Nahuel\\\\Documents\\\\React Projects\\\\functions\\\\node_modules\\\\firebase-functions\\\\lib\\\\index.js\"}"}}
[debug] [2021-05-06T20:43:07.808Z] [runtime-status] [11076] firebase-admin has been stubbed. {"adminResolution":{"declared":true,"installed":true,"version":"9.7.0","resolution":"C:\\Users\\Nahuel\\Documents\\React Projects\\functions\\node_modules\\firebase-admin\\lib\\index.js"}} {"metadata":{"emulator":{"name":"functions"},"message":"[runtime-status] [11076] firebase-admin has been stubbed. {\"adminResolution\":{\"declared\":true,\"installed\":true,\"version\":\"9.7.0\",\"resolution\":\"C:\\\\Users\\\\Nahuel\\\\Documents\\\\React Projects\\\\functions\\\\node_modules\\\\firebase-admin\\\\lib\\\\index.js\"}}"}}
[debug] [2021-05-06T20:43:07.818Z] >>> HTTP REQUEST PUT http://localhost:9000/.settings/rules.json?ns=beef-app-11fbe  
 {
  /* Visit https://firebase.google.com/docs/database/security to learn more about security rules. */
  "rules": {
    ".read": false,
    ".write": false
  }
}
[debug] [2021-05-06T20:43:07.821Z] [worker-~diagnostic~-162bf3da-ef37-425c-a54a-46cbaf75441c]: IDLE {"metadata":{"emulator":{"name":"functions"},"message":"[worker-~diagnostic~-162bf3da-ef37-425c-a54a-46cbaf75441c]: IDLE"}}
[debug] [2021-05-06T20:43:08.284Z] <<< HTTP RESPONSE 200 {"content-length":"15","content-type":"application/json; charset=utf-8","access-control-allow-origin":"*","cache-control":"no-cache","x-firebase-project-id":"beef-app-11fbe","x-firebase-project-number":"123456789","x-firebase-uuid":"20ba30cd-7a24-45bc-a86c-2f0d936331b2"}
[info] 
┌─────────────────────────────────────────────────────────────┐
│ ✔  All emulators ready! It is now safe to connect your app. │
│ i  View Emulator UI at http://localhost:4000                │
└─────────────────────────────────────────────────────────────┘

┌────────────────┬────────────────┬─────────────────────────────────┐
│ Emulator       │ Host:Port      │ View in Emulator UI             │
├────────────────┼────────────────┼─────────────────────────────────┤
│ Authentication │ localhost:9099 │ http://localhost:4000/auth      │
├────────────────┼────────────────┼─────────────────────────────────┤
│ Functions      │ localhost:5001 │ http://localhost:4000/functions │
├────────────────┼────────────────┼─────────────────────────────────┤
│ Firestore      │ localhost:8080 │ http://localhost:4000/firestore │
├────────────────┼────────────────┼─────────────────────────────────┤
│ Database       │ localhost:9000 │ http://localhost:4000/database  │
├────────────────┼────────────────┼─────────────────────────────────┤
│ Hosting        │ localhost:5000 │ n/a                             │
├────────────────┼────────────────┼─────────────────────────────────┤
│ Pub/Sub        │ localhost:8085 │ n/a                             │
└────────────────┴────────────────┴─────────────────────────────────┘
  Emulator Hub running at localhost:4400
  Other reserved ports: 4500

Issues? Report them at https://github.com/firebase/firebase-tools/issues and attach the *-debug.log files.
 
